hse-dc-phone-app/build/outputs/logs/manifest-merger-release-report.txt
-- Merging decision tree log ---
manifest
ADDED from src\main\AndroidManifest.xml:2:1-29:12
INJECTED from src\main\AndroidManifest.xml:2:1-29:12
INJECTED from src\main\AndroidManifest.xml:2:1-29:12
INJECTED from src\main\AndroidManifest.xml:2:1-29:12
INJECTED from src\main\AndroidManifest.xml:2:1-29:12
INJECTED from src\main\AndroidManifest.xml:2:1-29:12
INJECTED from src\main\AndroidManifest.xml:2:1-29:12
	package
		ADDED from src\main\AndroidManifest.xml:3:5-34
		INJECTED from src\main\AndroidManifest.xml
		INJECTED from src\main\AndroidManifest.xml
	android:versionName
		ADDED from src\main\AndroidManifest.xml:5:5-41
		INJECTED from src\main\AndroidManifest.xml
		INJECTED from src\main\AndroidManifest.xml
	xmlns:android
		ADDED from src\main\AndroidManifest.xml:2:11-69
	android:versionCode
		ADDED from src\main\AndroidManifest.xml:4:5-28
		INJECTED from src\main\AndroidManifest.xml
		INJECTED from src\main\AndroidManifest.xml
uses-sdk
ADDED from src\main\AndroidManifest.xml:7:5-47
INJECTED from src\main\AndroidManifest.xml:7:5-47
INJECTED from src\main\AndroidManifest.xml:7:5-47
INJECTED from src\main\AndroidManifest.xml:7:5-47
INJECTED from src\main\AndroidManifest.xml:7:5-47
	android:targetSdkVersion
		ADDED from src\main\AndroidManifest.xml:7:15-44
		INJECTED from src\main\AndroidManifest.xml
		INJECTED from src\main\AndroidManifest.xml
	android:minSdkVersion
		INJECTED from src\main\AndroidManifest.xml
		ADDED from src\main\AndroidManifest.xml:7:5-47
		INJECTED from src\main\AndroidManifest.xml
application
ADDED from src\main\AndroidManifest.xml:9:5-27:19
	android:label
		ADDED from src\main\AndroidManifest.xml:12:9-41
	android:icon
		ADDED from src\main\AndroidManifest.xml:11:9-45
	android:allowBackup
		ADDED from src\main\AndroidManifest.xml:10:9-35
	android:theme
		ADDED from src\main\AndroidManifest.xml:13:9-40
activity#com.hd.hse.dc.phone.ui.activity.download.DownLoadActivity
ADDED from src\main\AndroidManifest.xml:14:9-19:20
	android:screenOrientation
		ADDED from src\main\AndroidManifest.xml:16:13-49
	android:windowSoftInputMode
		ADDED from src\main\AndroidManifest.xml:17:13-60
	android:configChanges
		ADDED from src\main\AndroidManifest.xml:15:13-74
	android:name
		ADDED from src\main\AndroidManifest.xml:14:19-91
activity#com.hd.hse.dc.phone.ui.activity.upload.UpLoadActivity
ADDED from src\main\AndroidManifest.xml:21:9-26:20
	android:screenOrientation
		ADDED from src\main\AndroidManifest.xml:23:13-49
	android:windowSoftInputMode
		ADDED from src\main\AndroidManifest.xml:24:13-60
	android:configChanges
		ADDED from src\main\AndroidManifest.xml:22:13-74
	android:name
		ADDED from src\main\AndroidManifest.xml:21:19-87